C:\USERS\GOTO\DOCUMENTS\VISUAL STUDIO 2012\PROJECTS\LBM\LBM\DEBUG\LBM_UTIL.OBJ
C:\USERS\GOTO\DOCUMENTS\VISUAL STUDIO 2012\PROJECTS\LBM\LBM\DEBUG\VC110.PDB
C:\USERS\GOTO\DOCUMENTS\VISUAL STUDIO 2012\PROJECTS\LBM\DEBUG\LBM.ILK
C:\USERS\GOTO\DOCUMENTS\VISUAL STUDIO 2012\PROJECTS\LBM\DEBUG\LBM.EXE
C:\USERS\GOTO\DOCUMENTS\VISUAL STUDIO 2012\PROJECTS\LBM\DEBUG\LBM.PDB
C:\Users\Goto\documents\visual studio 2012\Projects\LBM\LBM\Debug\kernel.cu.cache
C:\Users\Goto\documents\visual studio 2012\Projects\LBM\LBM\Debug\lbm_kernels.cu.cache
C:\Users\Goto\documents\visual studio 2012\Projects\LBM\LBM\Debug\kernel.cu.obj
C:\Users\Goto\documents\visual studio 2012\Projects\LBM\LBM\Debug\lbm_kernels.cu.obj
C:\Users\Goto\documents\visual studio 2012\Projects\LBM\LBM\Debug\lbm_util.obj
C:\Users\Goto\documents\visual studio 2012\Projects\LBM\LBM\Debug\cl.command.1.tlog
C:\Users\Goto\documents\visual studio 2012\Projects\LBM\LBM\Debug\CL.read.1.tlog
C:\Users\Goto\documents\visual studio 2012\Projects\LBM\LBM\Debug\CL.write.1.tlog
C:\Users\Goto\documents\visual studio 2012\Projects\LBM\LBM\Debug\link-cvtres.read.1.tlog
C:\Users\Goto\documents\visual studio 2012\Projects\LBM\LBM\Debug\link-cvtres.write.1.tlog
C:\Users\Goto\documents\visual studio 2012\Projects\LBM\LBM\Debug\link-rc.read.1.tlog
C:\Users\Goto\documents\visual studio 2012\Projects\LBM\LBM\Debug\link-rc.write.1.tlog
C:\Users\Goto\documents\visual studio 2012\Projects\LBM\LBM\Debug\link.command.1.tlog
C:\Users\Goto\documents\visual studio 2012\Projects\LBM\LBM\Debug\link.read.1.tlog
C:\Users\Goto\documents\visual studio 2012\Projects\LBM\LBM\Debug\link.write.1.tlog
C:\Users\Goto\documents\visual studio 2012\Projects\LBM\LBM\Debug\vc110.idb
C:\Users\Goto\documents\visual studio 2012\Projects\LBM\LBM\Debug\vc110.pdb
C:\Users\Goto\documents\visual studio 2012\Projects\LBM\Debug\LBM.pdb
C:\Users\Goto\documents\visual studio 2012\Projects\LBM\Debug\LBM.exe
C:\Users\Goto\documents\visual studio 2012\Projects\LBM\Debug\LBM.ilk
